Started GET "/" for ::1 at 2020-04-23 09:58:55 -0400
  [1m[35m (2.3ms)[0m  [1m[34mSELECT "schema_migrations"."version" FROM "schema_migrations" ORDER BY "schema_migrations"."version" ASC[0m
Processing by Rails::WelcomeController#index as HTML
  Rendering /Users/gulnoza/.rvm/gems/ruby-2.6.1/gems/railties-6.0.2.1/lib/rails/templates/rails/welcome/index.html.erb
  Rendered /Users/gulnoza/.rvm/gems/ruby-2.6.1/gems/railties-6.0.2.1/lib/rails/templates/rails/welcome/index.html.erb (Duration: 16.7ms | Allocations: 483)
Completed 200 OK in 34ms (Views: 27.8ms | ActiveRecord: 0.0ms | Allocations: 2659)


Started GET "/stock/AAPL" for ::1 at 2020-04-23 09:59:02 -0400
Processing by StocksController#getStock as HTML
  Parameters: {"ticker"=>"AAPL"}
Completed 500 Internal Server Error in 1ms (ActiveRecord: 0.0ms | Allocations: 124)


  
TypeError (no implicit conversion of nil into String):
  
app/controllers/stocks_controller.rb:7:in `+'
app/controllers/stocks_controller.rb:7:in `getStock'
Started GET "/stock/AAPL" for ::1 at 2020-04-23 10:03:59 -0400
  [1m[35m (0.7ms)[0m  [1m[34mSELECT "schema_migrations"."version" FROM "schema_migrations" ORDER BY "schema_migrations"."version" ASC[0m
Processing by StocksController#getStock as HTML
  Parameters: {"ticker"=>"AAPL"}
Completed 200 OK in 4303ms (Views: 1.1ms | ActiveRecord: 0.0ms | Allocations: 4984)


Started GET "/user" for ::1 at 2020-04-23 14:14:30 -0400
  [1m[35m (1.9ms)[0m  [1m[34mSELECT "schema_migrations"."version" FROM "schema_migrations" ORDER BY "schema_migrations"."version" ASC[0m
  
ActionController::RoutingError (No route matches [GET] "/user"):
  
actionpack (6.0.2.1) lib/action_dispatch/middleware/debug_exceptions.rb:36:in `call'
actionpack (6.0.2.1) lib/action_dispatch/middleware/show_exceptions.rb:33:in `call'
railties (6.0.2.1) lib/rails/rack/logger.rb:38:in `call_app'
railties (6.0.2.1) lib/rails/rack/logger.rb:26:in `block in call'
activesupport (6.0.2.1) lib/active_support/tagged_logging.rb:80:in `block in tagged'
activesupport (6.0.2.1) lib/active_support/tagged_logging.rb:28:in `tagged'
activesupport (6.0.2.1) lib/active_support/tagged_logging.rb:80:in `tagged'
railties (6.0.2.1) lib/rails/rack/logger.rb:26:in `call'
actionpack (6.0.2.1) lib/action_dispatch/middleware/remote_ip.rb:81:in `call'
actionpack (6.0.2.1) lib/action_dispatch/middleware/request_id.rb:27:in `call'
rack (2.2.2) lib/rack/runtime.rb:22:in `call'
activesupport (6.0.2.1) lib/active_support/cache/strategy/local_cache_middleware.rb:29:in `call'
actionpack (6.0.2.1) lib/action_dispatch/middleware/executor.rb:14:in `call'
actionpack (6.0.2.1) lib/action_dispatch/middleware/static.rb:126:in `call'
rack (2.2.2) lib/rack/sendfile.rb:110:in `call'
actionpack (6.0.2.1) lib/action_dispatch/middleware/host_authorization.rb:83:in `call'
rack-cors (1.1.1) lib/rack/cors.rb:100:in `call'
railties (6.0.2.1) lib/rails/engine.rb:526:in `call'
puma (3.12.1) lib/puma/configuration.rb:227:in `call'
puma (3.12.1) lib/puma/server.rb:660:in `handle_request'
puma (3.12.1) lib/puma/server.rb:474:in `process_client'
puma (3.12.1) lib/puma/server.rb:334:in `block in run'
puma (3.12.1) lib/puma/thread_pool.rb:135:in `block in spawn_thread'
Started GET "/users" for ::1 at 2020-04-23 14:14:39 -0400
Processing by UsersController#index as HTML
[active_model_serializers]   [1m[36mUser Load (3.9ms)[0m  [1m[34mSELECT "users".* FROM "users"[0m
[active_model_serializers]   ↳ app/controllers/users_controller.rb:8:in `index'
[active_model_serializers]   [1m[36mTransaction Load (1.3ms)[0m  [1m[34mSELECT "transactions".* FROM "transactions" WHERE "transactions"."user_id" = $1[0m  [["user_id", 1]]
[active_model_serializers]   ↳ app/controllers/users_controller.rb:8:in `index'
[active_model_serializers]   [1m[36mTransaction Load (0.4ms)[0m  [1m[34mSELECT "transactions".* FROM "transactions" WHERE "transactions"."user_id" = $1[0m  [["user_id", 2]]
[active_model_serializers]   ↳ app/controllers/users_controller.rb:8:in `index'
[active_model_serializers] Rendered ActiveModel::Serializer::Null with UserSerializer (85.41ms)
Completed 200 OK in 103ms (Views: 56.1ms | ActiveRecord: 33.7ms | Allocations: 24369)


Started GET "/users" for ::1 at 2020-04-23 15:00:08 -0400
  [1m[35m (1.1ms)[0m  [1m[34mSELECT "schema_migrations"."version" FROM "schema_migrations" ORDER BY "schema_migrations"."version" ASC[0m
Processing by UsersController#index as HTML
[active_model_serializers]   [1m[36mUser Load (0.6ms)[0m  [1m[34mSELECT "users".* FROM "users"[0m
[active_model_serializers]   ↳ app/controllers/users_controller.rb:8:in `index'
[active_model_serializers]   [1m[36mTransaction Load (0.5ms)[0m  [1m[34mSELECT "transactions".* FROM "transactions" WHERE "transactions"."user_id" = $1[0m  [["user_id", 1]]
[active_model_serializers]   ↳ app/controllers/users_controller.rb:8:in `index'
[active_model_serializers]   [1m[36mTransaction Load (0.5ms)[0m  [1m[34mSELECT "transactions".* FROM "transactions" WHERE "transactions"."user_id" = $1[0m  [["user_id", 2]]
[active_model_serializers]   ↳ app/controllers/users_controller.rb:8:in `index'
[active_model_serializers] Rendered ActiveModel::Serializer::Null with UserSerializer (61.43ms)
Completed 200 OK in 71ms (Views: 46.1ms | ActiveRecord: 17.0ms | Allocations: 19906)


Started GET "/users" for ::1 at 2020-04-23 15:11:15 -0400
  [1m[35m (1.7ms)[0m  [1m[34mSELECT "schema_migrations"."version" FROM "schema_migrations" ORDER BY "schema_migrations"."version" ASC[0m
Processing by UsersController#index as HTML
[active_model_serializers]   [1m[36mUser Load (2.4ms)[0m  [1m[34mSELECT "users".* FROM "users"[0m
[active_model_serializers]   ↳ app/controllers/users_controller.rb:8:in `index'
[active_model_serializers]   [1m[36mTransaction Load (1.2ms)[0m  [1m[34mSELECT "transactions".* FROM "transactions" WHERE "transactions"."user_id" = $1[0m  [["user_id", 1]]
[active_model_serializers]   ↳ app/controllers/users_controller.rb:8:in `index'
[active_model_serializers]   [1m[36mTransaction Load (0.6ms)[0m  [1m[34mSELECT "transactions".* FROM "transactions" WHERE "transactions"."user_id" = $1[0m  [["user_id", 2]]
[active_model_serializers]   ↳ app/controllers/users_controller.rb:8:in `index'
[active_model_serializers] Rendered ActiveModel::Serializer::Null with UserSerializer (256.12ms)
Completed 200 OK in 299ms (Views: 198.4ms | ActiveRecord: 61.9ms | Allocations: 19953)


Started GET "/users" for ::1 at 2020-04-23 15:37:34 -0400
  [1m[35m (1.4ms)[0m  [1m[34mSELECT "schema_migrations"."version" FROM "schema_migrations" ORDER BY "schema_migrations"."version" ASC[0m
Processing by UsersController#index as HTML
[active_model_serializers]   [1m[36mUser Load (2.1ms)[0m  [1m[34mSELECT "users".* FROM "users"[0m
[active_model_serializers]   ↳ app/controllers/users_controller.rb:8:in `index'
[active_model_serializers]   [1m[36mTransaction Load (1.0ms)[0m  [1m[34mSELECT "transactions".* FROM "transactions" WHERE "transactions"."user_id" = $1[0m  [["user_id", 1]]
[active_model_serializers]   ↳ app/controllers/users_controller.rb:8:in `index'
[active_model_serializers]   [1m[36mTransaction Load (0.5ms)[0m  [1m[34mSELECT "transactions".* FROM "transactions" WHERE "transactions"."user_id" = $1[0m  [["user_id", 2]]
[active_model_serializers]   ↳ app/controllers/users_controller.rb:8:in `index'
[active_model_serializers] Rendered ActiveModel::Serializer::Null with UserSerializer (68.41ms)
Completed 200 OK in 79ms (Views: 48.8ms | ActiveRecord: 22.0ms | Allocations: 23978)


Started GET "/users" for ::1 at 2020-04-23 15:44:34 -0400
  [1m[35m (0.8ms)[0m  [1m[34mSELECT "schema_migrations"."version" FROM "schema_migrations" ORDER BY "schema_migrations"."version" ASC[0m
Processing by UsersController#index as HTML
[active_model_serializers]   [1m[36mUser Load (0.7ms)[0m  [1m[34mSELECT "users".* FROM "users"[0m
[active_model_serializers]   ↳ app/controllers/users_controller.rb:8:in `index'
[active_model_serializers]   [1m[36mTransaction Load (0.6ms)[0m  [1m[34mSELECT "transactions".* FROM "transactions" WHERE "transactions"."user_id" = $1[0m  [["user_id", 1]]
[active_model_serializers]   ↳ app/controllers/users_controller.rb:8:in `index'
[active_model_serializers]   [1m[36mTransaction Load (4.6ms)[0m  [1m[34mSELECT "transactions".* FROM "transactions" WHERE "transactions"."user_id" = $1[0m  [["user_id", 2]]
[active_model_serializers]   ↳ app/controllers/users_controller.rb:8:in `index'
[active_model_serializers] Rendered ActiveModel::Serializer::Null with UserSerializer (76.08ms)
Completed 200 OK in 85ms (Views: 52.3ms | ActiveRecord: 25.2ms | Allocations: 19887)


Started GET "/users" for ::1 at 2020-04-23 17:46:43 -0400
  [1m[35m (1.4ms)[0m  [1m[34mSELECT "schema_migrations"."version" FROM "schema_migrations" ORDER BY "schema_migrations"."version" ASC[0m
Processing by UsersController#index as HTML
[active_model_serializers]   [1m[36mUser Load (1.2ms)[0m  [1m[34mSELECT "users".* FROM "users"[0m
[active_model_serializers]   ↳ app/controllers/users_controller.rb:8:in `index'
[active_model_serializers]   [1m[36mTransaction Load (0.9ms)[0m  [1m[34mSELECT "transactions".* FROM "transactions" WHERE "transactions"."user_id" = $1[0m  [["user_id", 1]]
[active_model_serializers]   ↳ app/controllers/users_controller.rb:8:in `index'
[active_model_serializers]   [1m[36mTransaction Load (0.8ms)[0m  [1m[34mSELECT "transactions".* FROM "transactions" WHERE "transactions"."user_id" = $1[0m  [["user_id", 2]]
[active_model_serializers]   ↳ app/controllers/users_controller.rb:8:in `index'
[active_model_serializers] Rendered ActiveModel::Serializer::Null with UserSerializer (71.62ms)
Completed 200 OK in 87ms (Views: 54.8ms | ActiveRecord: 19.2ms | Allocations: 24348)


